#
# There is insufficient memory for the Java Runtime Environment to continue.
# Native memory allocation (malloc) failed to allocate 4092 bytes for AllocateHeap
# Possible reasons:
#   The system is out of physical RAM or swap space
#   In 32 bit mode, the process size limit was hit
# Possible solutions:
#   Reduce memory load on the system
#   Increase physical memory or swap space
#   Check if swap backing store is full
#   Use 64 bit Java on a 64 bit OS
#   Decrease Java heap size (-Xmx/-Xms)
#   Decrease number of Java threads
#   Decrease Java thread stack sizes (-Xss)
#   Set larger code cache with -XX:ReservedCodeCacheSize=
# This output file may be truncated or incomplete.
#
#  Out of Memory Error (memory/allocation.inline.hpp:61), pid=3260, tid=0x00001bc4
#
# JRE version: Java(TM) SE Runtime Environment (8.0_221-b11) (build 1.8.0_221-b11)
# Java VM: Java HotSpot(TM) Client VM (25.221-b11 mixed mode windows-x86 )
# Failed to write core dump. Minidumps are not enabled by default on client versions of Windows
#

---------------  T H R E A D  ---------------

Current thread (0x019dcc00):  VMThread [stack: 0x017a0000,0x017f0000] [id=7108]

Stack: [0x017a0000,0x017f0000],  sp=0x017eee4c,  free space=315k
Native frames: (J=compiled Java code, j=interpreted, Vv=VM code, C=native code)
V  [jvm.dll+0x1ae3ab]
V  [jvm.dll+0x1a6898]
V  [jvm.dll+0x95b0d]
V  [jvm.dll+0xc1691]
V  [jvm.dll+0x1b9921]
V  [jvm.dll+0x1b9b1c]
V  [jvm.dll+0x77c60]
V  [jvm.dll+0x77fbe]
V  [jvm.dll+0x15669f]
V  [jvm.dll+0x15799a]
V  [jvm.dll+0x17c5d2]
V  [jvm.dll+0x17afea]
V  [jvm.dll+0x996b0]
V  [jvm.dll+0x9a9a1]
V  [jvm.dll+0x9c7d0]
V  [jvm.dll+0x9cc39]
V  [jvm.dll+0x9b9af]
V  [jvm.dll+0xa7d92]
V  [jvm.dll+0x9a573]
V  [jvm.dll+0x944e5]
V  [jvm.dll+0x1bcd56]
V  [jvm.dll+0x184f6b]
V  [jvm.dll+0x184371]
V  [jvm.dll+0x184787]
V  [jvm.dll+0x184982]
V  [jvm.dll+0x1c6b66]
C  [msvcr100.dll+0x5c556]
C  [msvcr100.dll+0x5c600]
C  [KERNEL32.DLL+0x19ba4]
C  [ntdll.dll+0x6ac9b]
C  [ntdll.dll+0x6ac6f]

JavaThread 0x017fc400 (nid = 9068) was being processed
Java frames: (J=compiled Java code, j=interpreted, Vv=VM code)
v  ~RuntimeStub::new_type_array Runtime1 stub
J 119 C1 java.util.Calendar.clone()Ljava/lang/Object; (108 bytes) @ 0x01a8dd87 [0x01a8da20+0x367]
J 127 C1 java.util.GregorianCalendar.clone()Ljava/lang/Object; (77 bytes) @ 0x01a8c148 [0x01a8c120+0x28]
J 133 C1 parqueadero.Parqueadero.siguienteEspacio(Lparqueadero/Servicio;)Lparqueadero/Servicio; (138 bytes) @ 0x01a8b194 [0x01a8b090+0x104]
J 137 C1 parqueadero.Parqueadero.ingresarVehiculo(Lparqueadero/Ingreso;)V (332 bytes) @ 0x01ab5720 [0x01ab55c0+0x160]
J 95% C1 main.Main.probarIngreso(I)V (182 bytes) @ 0x01aadf24 [0x01aad970+0x5b4]
j  main.Main.main([Ljava/lang/String;)V+11
v  ~StubRoutines::call_stub
VM_Operation (0x009ef4a8): GenCollectForAllocation, mode: safepoint, requested by thread 0x017fc400


---------------  P R O C E S S  ---------------

Java Threads: ( => current thread )
  0x03ecd000 JavaThread "Service Thread" daemon [_thread_blocked, id=5644, stack(0x04340000,0x04390000)]
  0x03ed9c00 JavaThread "C1 CompilerThread0" daemon [_thread_blocked, id=8348, stack(0x042f0000,0x04340000)]
  0x03ed8c00 JavaThread "Attach Listener" daemon [_thread_blocked, id=436, stack(0x042a0000,0x042f0000)]
  0x03ed6c00 JavaThread "Signal Dispatcher" daemon [_thread_blocked, id=1572, stack(0x04250000,0x042a0000)]
  0x03eba000 JavaThread "Finalizer" daemon [_thread_blocked, id=6056, stack(0x040f0000,0x04140000)]
  0x03eb4400 JavaThread "Reference Handler" daemon [_thread_blocked, id=2332, stack(0x040a0000,0x040f0000)]
  0x017fc400 JavaThread "main" [_thread_blocked, id=9068, stack(0x009a0000,0x009f0000)]

Other Threads:
=>0x019dcc00 VMThread [stack: 0x017a0000,0x017f0000] [id=7108]
  0x03ed0800 WatcherThread [stack: 0x044e0000,0x04530000] [id=5996]

VM state:at safepoint (normal execution)

VM Mutex/Monitor currently owned by a thread:  ([mutex/lock_event])
[0x017fb190] Threads_lock - owner thread: 0x019dcc00
[0x017fb468] Heap_lock - owner thread: 0x017fc400

Heap:
 def new generation   total 56000K, used 6208K [0x0f600000, 0x132c0000, 0x14b50000)
  eden space 49792K,   0% used [0x0f600000, 0x0f600000, 0x126a0000)
  from space 6208K, 100% used [0x126a0000, 0x12cb0000, 0x12cb0000)
  to   space 6208K,   0% used [0x12cb0000, 0x12cb0000, 0x132c0000)
 tenured generation   total 128680K, used 128579K [0x14b50000, 0x1c8fa000, 0x1f600000)
   the space 128680K,  99% used [0x14b50000, 0x1c8e0f10, 0x1c8e1000, 0x1c8fa000)
 Metaspace       used 2539K, capacity 2576K, committed 2624K, reserved 4480K

Card table byte_map: [0x01800000,0x01890000] byte_map_base: 0x01785000

Polling page: 0x00820000

CodeCache: size=32768Kb used=866Kb max_used=866Kb free=31901Kb
 bounds [0x019e0000, 0x01ac0000, 0x039e0000]
 total_blobs=301 nmethods=154 adapters=78
 compilation: enabled

Compilation events (10 events):
Event: 5.032 Thread 0x03ed9c00  151             sun.nio.ch.Util::isBufferTooLarge (15 bytes)
Event: 5.032 Thread 0x03ed9c00 nmethod 151 0x01ab7b08 code [0x01ab7c00, 0x01ab7ca0]
Event: 5.032 Thread 0x03ed9c00  152             java.nio.channels.spi.AbstractInterruptibleChannel::blockedOn (13 bytes)
Event: 5.033 Thread 0x03ed9c00 nmethod 152 0x01ab7d08 code [0x01ab7e10, 0x01ab8050]
Event: 5.033 Thread 0x03ed9c00  153   !         java.lang.Thread::blockedOn (23 bytes)
Event: 5.033 Thread 0x03ed9c00 nmethod 153 0x01ab8188 code [0x01ab8280, 0x01ab8480]
Event: 5.047 Thread 0x03ed9c00  154             java.nio.Bits::copyToArray (68 bytes)
Event: 5.048 Thread 0x03ed9c00 nmethod 154 0x01ab8508 code [0x01ab8610, 0x01ab87cc]
Event: 6.231 Thread 0x03ed9c00  155             java.util.HashMap::hash (20 bytes)
Event: 6.231 Thread 0x03ed9c00 nmethod 155 0x01ab8888 code [0x01ab8980, 0x01ab8a1c]

GC Heap History (10 events):
Event: 3.510 GC heap after
Heap after GC invocations=27 (full 3):
 def new generation   total 29248K, used 3200K [0x0f600000, 0x115b0000, 0x14b50000)
  eden space 26048K,   0% used [0x0f600000, 0x0f600000, 0x10f70000)
  from space 3200K, 100% used [0x10f70000, 0x11290000, 0x11290000)
  to   space 3200K,   0% used [0x11290000, 0x11290000, 0x115b0000)
 tenured generation   total 64856K, used 64050K [0x14b50000, 0x18aa6000, 0x1f600000)
   the space 64856K,  98% used [0x14b50000, 0x189dcba0, 0x189dcc00, 0x18aa6000)
 Metaspace       used 2539K, capacity 2576K, committed 2624K, reserved 4480K
}
Event: 3.670 GC heap before
{Heap before GC invocations=27 (full 3):
 def new generation   total 29248K, used 29248K [0x0f600000, 0x115b0000, 0x14b50000)
  eden space 26048K, 100% used [0x0f600000, 0x10f70000, 0x10f70000)
  from space 3200K, 100% used [0x10f70000, 0x11290000, 0x11290000)
  to   space 3200K,   0% used [0x11290000, 0x11290000, 0x115b0000)
 tenured generation   total 64856K, used 64050K [0x14b50000, 0x18aa6000, 0x1f600000)
   the space 64856K,  98% used [0x14b50000, 0x189dcba0, 0x189dcc00, 0x18aa6000)
 Metaspace       used 2539K, capacity 2576K, committed 2624K, reserved 4480K
Event: 4.238 GC heap after
Heap after GC invocations=28 (full 4):
 def new generation   total 56000K, used 1156K [0x0f600000, 0x132c0000, 0x14b50000)
  eden space 49792K,   2% used [0x0f600000, 0x0f721320, 0x126a0000)
  from space 6208K,   0% used [0x126a0000, 0x126a0000, 0x12cb0000)
  to   space 6208K,   0% used [0x12cb0000, 0x12cb0000, 0x132c0000)
 tenured generation   total 124308K, used 74583K [0x14b50000, 0x1c4b5000, 0x1f600000)
   the space 124308K,  59% used [0x14b50000, 0x19425ff0, 0x19426000, 0x1c4b5000)
 Metaspace       used 2539K, capacity 2576K, committed 2624K, reserved 4480K
}
Event: 4.835 GC heap before
{Heap before GC invocations=28 (full 4):
 def new generation   total 56000K, used 49792K [0x0f600000, 0x132c0000, 0x14b50000)
  eden space 49792K, 100% used [0x0f600000, 0x126a0000, 0x126a0000)
  from space 6208K,   0% used [0x126a0000, 0x126a0000, 0x12cb0000)
  to   space 6208K,   0% used [0x12cb0000, 0x12cb0000, 0x132c0000)
 tenured generation   total 124308K, used 74583K [0x14b50000, 0x1c4b5000, 0x1f600000)
   the space 124308K,  59% used [0x14b50000, 0x19425ff0, 0x19426000, 0x1c4b5000)
 Metaspace       used 2539K, capacity 2576K, committed 2624K, reserved 4480K
Event: 5.030 GC heap after
Heap after GC invocations=29 (full 4):
 def new generation   total 56000K, used 6208K [0x0f600000, 0x132c0000, 0x14b50000)
  eden space 49792K,   0% used [0x0f600000, 0x0f600000, 0x126a0000)
  from space 6208K, 100% used [0x12cb0000, 0x132c0000, 0x132c0000)
  to   space 6208K,   0% used [0x126a0000, 0x126a0000, 0x12cb0000)
 tenured generation   total 124308K, used 78193K [0x14b50000, 0x1c4b5000, 0x1f600000)
   the space 124308K,  62% used [0x14b50000, 0x197ac500, 0x197ac600, 0x1c4b5000)
 Metaspace       used 2539K, capacity 2576K, committed 2624K, reserved 4480K
}
Event: 5.550 GC heap before
{Heap before GC invocations=29 (full 4):
 def new generation   total 56000K, used 56000K [0x0f600000, 0x132c0000, 0x14b50000)
  eden space 49792K, 100% used [0x0f600000, 0x126a0000, 0x126a0000)
  from space 6208K, 100% used [0x12cb0000, 0x132c0000, 0x132c0000)
  to   space 6208K,   0% used [0x126a0000, 0x126a0000, 0x12cb0000)
 tenured generation   total 124308K, used 78193K [0x14b50000, 0x1c4b5000, 0x1f600000)
   the space 124308K,  62% used [0x14b50000, 0x197ac500, 0x197ac600, 0x1c4b5000)
 Metaspace       used 2539K, capacity 2576K, committed 2624K, reserved 4480K
Event: 5.684 GC heap after
Heap after GC invocations=30 (full 4):
 def new generation   total 56000K, used 6207K [0x0f600000, 0x132c0000, 0x14b50000)
  eden space 49792K,   0% used [0x0f600000, 0x0f600000, 0x126a0000)
  from space 6208K,  99% used [0x126a0000, 0x12cafff8, 0x12cb0000)
  to   space 6208K,   0% used [0x12cb0000, 0x12cb0000, 0x132c0000)
 tenured generation   total 124308K, used 87058K [0x14b50000, 0x1c4b5000, 0x1f600000)
   the space 124308K,  70% used [0x14b50000, 0x1a054aa0, 0x1a054c00, 0x1c4b5000)
 Metaspace       used 2539K, capacity 2576K, committed 2624K, reserved 4480K
}
Event: 6.072 GC heap before
{Heap before GC invocations=30 (full 4):
 def new generation   total 56000K, used 55999K [0x0f600000, 0x132c0000, 0x14b50000)
  eden space 49792K, 100% used [0x0f600000, 0x126a0000, 0x126a0000)
  from space 6208K,  99% used [0x126a0000, 0x12cafff8, 0x12cb0000)
  to   space 6208K,   0% used [0x12cb0000, 0x12cb0000, 0x132c0000)
 tenured generation   total 124308K, used 87058K [0x14b50000, 0x1c4b5000, 0x1f600000)
   the space 124308K,  70% used [0x14b50000, 0x1a054aa0, 0x1a054c00, 0x1c4b5000)
 Metaspace       used 2539K, capacity 2576K, committed 2624K, reserved 4480K
Event: 6.223 GC heap after
Heap after GC invocations=31 (full 4):
 def new generation   total 56000K, used 6207K [0x0f600000, 0x132c0000, 0x14b50000)
  eden space 49792K,   0% used [0x0f600000, 0x0f600000, 0x126a0000)
  from space 6208K,  99% used [0x12cb0000, 0x132bfff8, 0x132c0000)
  to   space 6208K,   0% used [0x126a0000, 0x126a0000, 0x12cb0000)
 tenured generation   total 124308K, used 102221K [0x14b50000, 0x1c4b5000, 0x1f600000)
   the space 124308K,  82% used [0x14b50000, 0x1af23508, 0x1af23600, 0x1c4b5000)
 Metaspace       used 2539K, capacity 2576K, committed 2624K, reserved 4480K
}
Event: 6.409 GC heap before
{Heap before GC invocations=31 (full 4):
 def new generation   total 56000K, used 55999K [0x0f600000, 0x132c0000, 0x14b50000)
  eden space 49792K, 100% used [0x0f600000, 0x126a0000, 0x126a0000)
  from space 6208K,  99% used [0x12cb0000, 0x132bfff8, 0x132c0000)
  to   space 6208K,   0% used [0x126a0000, 0x126a0000, 0x12cb0000)
 tenured generation   total 124308K, used 102221K [0x14b50000, 0x1c4b5000, 0x1f600000)
   the space 124308K,  82% used [0x14b50000, 0x1af23508, 0x1af23600, 0x1c4b5000)
 Metaspace       used 2539K, capacity 2576K, committed 2624K, reserved 4480K

Deoptimization events (0 events):
No events

Classes redefined (0 events):
No events

Internal exceptions (7 events):
Event: 0.087 Thread 0x017fc400 Exception <a 'java/lang/NoSuchMethodError': Method sun.misc.Unsafe.defineClass(Ljava/lang/String;[BII)Ljava/lang/Class; name or signature does not match> (0x0f606eb0) thrown at [C:\re\workspace\8-2-build-windows-i586-cygwin\jdk8u221\13320\hotspot\src\shar
Event: 0.087 Thread 0x017fc400 Exception <a 'java/lang/NoSuchMethodError': Method sun.misc.Unsafe.prefetchRead(Ljava/lang/Object;J)V name or signature does not match> (0x0f607180) thrown at [C:\re\workspace\8-2-build-windows-i586-cygwin\jdk8u221\13320\hotspot\src\share\vm\prims\jni.cpp
Event: 0.211 Thread 0x017fc400 Exception <a 'java/io/FileNotFoundException'> (0x0f64dac8) thrown at [C:\re\workspace\8-2-build-windows-i586-cygwin\jdk8u221\13320\hotspot\src\share\vm\prims\jni.cpp, line 710]
Event: 0.314 Thread 0x017fc400 Exception <a 'java/security/PrivilegedActionException'> (0x0f6876f8) thrown at [C:\re\workspace\8-2-build-windows-i586-cygwin\jdk8u221\13320\hotspot\src\share\vm\prims\jvm.cpp, line 1502]
Event: 0.314 Thread 0x017fc400 Exception <a 'java/security/PrivilegedActionException'> (0x0f687ad8) thrown at [C:\re\workspace\8-2-build-windows-i586-cygwin\jdk8u221\13320\hotspot\src\share\vm\prims\jvm.cpp, line 1502]
Event: 0.316 Thread 0x017fc400 Exception <a 'java/security/PrivilegedActionException'> (0x0f6a1900) thrown at [C:\re\workspace\8-2-build-windows-i586-cygwin\jdk8u221\13320\hotspot\src\share\vm\prims\jvm.cpp, line 1502]
Event: 0.316 Thread 0x017fc400 Exception <a 'java/security/PrivilegedActionException'> (0x0f6a1ce0) thrown at [C:\re\workspace\8-2-build-windows-i586-cygwin\jdk8u221\13320\hotspot\src\share\vm\prims\jvm.cpp, line 1502]

Events (10 events):
Event: 4.238 Executing VM operation: GenCollectForAllocation done
Event: 4.239 Executing VM operation: EnableBiasedLocking
Event: 4.239 Executing VM operation: EnableBiasedLocking done
Event: 4.835 Executing VM operation: GenCollectForAllocation
Event: 5.030 Executing VM operation: GenCollectForAllocation done
Event: 5.550 Executing VM operation: GenCollectForAllocation
Event: 5.685 Executing VM operation: GenCollectForAllocation done
Event: 6.072 Executing VM operation: GenCollectForAllocation
Event: 6.224 Executing VM operation: GenCollectForAllocation done
Event: 6.409 Executing VM operation: GenCollectForAllocation


Dynamic libraries:
0x00850000 - 0x00883000 	C:\Program Files\Java\jdk1.8.0_221\jre\bin\java.exe
0x77930000 - 0x77abd000 	C:\Windows\SYSTEM32\ntdll.dll
0x77890000 - 0x77925000 	C:\Windows\System32\KERNEL32.DLL
0x74c80000 - 0x74e45000 	C:\Windows\System32\KERNELBASE.dll
0x72e70000 - 0x72f03000 	C:\Windows\SYSTEM32\apphelp.dll
0x76e50000 - 0x76ec7000 	C:\Windows\System32\ADVAPI32.dll
0x76d60000 - 0x76e1d000 	C:\Windows\System32\msvcrt.dll
0x770f0000 - 0x77131000 	C:\Windows\System32\sechost.dll
0x76710000 - 0x767d7000 	C:\Windows\System32\RPCRT4.dll
0x75280000 - 0x753b0000 	C:\Windows\System32\USER32.dll
0x750c0000 - 0x750da000 	C:\Windows\System32\win32u.dll
0x75250000 - 0x75271000 	C:\Windows\System32\GDI32.dll
0x74b20000 - 0x74c7e000 	C:\Windows\System32\gdi32full.dll
0x744d0000 - 0x74549000 	C:\Windows\System32\msvcp_win.dll
0x750e0000 - 0x751f8000 	C:\Windows\System32\ucrtbase.dll
0x6b4c0000 - 0x6b6ce000 	C:\Windows\WinSxS\x86_microsoft.windows.common-controls_6595b64144ccf1df_6.0.15063.0_none_583b8639f462029f\COMCTL32.dll
0x77260000 - 0x77498000 	C:\Windows\System32\combase.dll
0x74ee0000 - 0x74f37000 	C:\Windows\System32\bcryptPrimitives.dll
0x76e20000 - 0x76e46000 	C:\Windows\System32\IMM32.DLL
0x78810000 - 0x788cf000 	C:\Program Files\Java\jdk1.8.0_221\jre\bin\msvcr100.dll
0x07b90000 - 0x07f65000 	C:\Program Files\Java\jdk1.8.0_221\jre\bin\client\jvm.dll
0x77610000 - 0x77616000 	C:\Windows\System32\PSAPI.DLL
0x72a70000 - 0x72a94000 	C:\Windows\SYSTEM32\WINMM.dll
0x50d40000 - 0x50d48000 	C:\Windows\SYSTEM32\WSOCK32.dll
0x67a70000 - 0x67a78000 	C:\Windows\SYSTEM32\VERSION.dll
0x77620000 - 0x77687000 	C:\Windows\System32\WS2_32.dll
0x729f0000 - 0x72a13000 	C:\Windows\SYSTEM32\WINMMBASE.dll
0x74ae0000 - 0x74b19000 	C:\Windows\System32\cfgmgr32.dll
0x0f590000 - 0x0f59c000 	C:\Program Files\Java\jdk1.8.0_221\jre\bin\verify.dll
0x0f4f0000 - 0x0f511000 	C:\Program Files\Java\jdk1.8.0_221\jre\bin\java.dll
0x0f280000 - 0x0f294000 	C:\Program Files\Java\jdk1.8.0_221\jre\bin\zip.dll
0x753c0000 - 0x76708000 	C:\Windows\System32\SHELL32.dll
0x77140000 - 0x771cc000 	C:\Windows\System32\shcore.dll
0x74550000 - 0x74ad4000 	C:\Windows\System32\windows.storage.dll
0x76ef0000 - 0x76f35000 	C:\Windows\System32\shlwapi.dll
0x744c0000 - 0x744ce000 	C:\Windows\System32\kernel.appcore.dll
0x74470000 - 0x744b5000 	C:\Windows\System32\powrprof.dll
0x74460000 - 0x74470000 	C:\Windows\System32\profapi.dll
0x68e60000 - 0x68e75000 	C:\Program Files\Java\jdk1.8.0_221\jre\bin\net.dll
0x6c8a0000 - 0x6ca3c000 	C:\Windows\SYSTEM32\urlmon.dll
0x6ccc0000 - 0x6ced1000 	C:\Windows\SYSTEM32\iertutil.dll
0x73fa0000 - 0x73faa000 	C:\Windows\SYSTEM32\CRYPTBASE.DLL
0x73e10000 - 0x73e60000 	C:\Windows\system32\mswsock.dll
0x68e50000 - 0x68e5f000 	C:\Program Files\Java\jdk1.8.0_221\jre\bin\nio.dll

VM Arguments:
jvm_args: -Dfile.encoding=UTF-8 
java_command: main.Main
java_class_path (initial): C:\Users\Sebastian Rojas\Documents\NetBeansProjects\Data-Structures-Project\build\classes
Launcher Type: SUN_STANDARD

Environment Variables:
PATH=C:\Program Files\Common Files\Oracle\Java\javapath;C:\Windows\system32;C:\Windows;C:\Windows\System32\Wbem;C:\Windows\System32\WindowsPowerShell\v1.0\;C:\Users\Sebastian Rojas\AppData\Local\Microsoft\WindowsApps;
USERNAME=Sebastian Rojas
OS=Windows_NT
PROCESSOR_IDENTIFIER=x86 Family 6 Model 55 Stepping 8, GenuineIntel



---------------  S Y S T E M  ---------------

OS: Windows 10.0 Build 15063 (10.0.15063.0)

CPU:total 4 (initial active 4) (4 cores per cpu, 1 threads per core) family 6 model 55 stepping 8, cmov, cx8, fxsr, mmx, sse, sse2, sse3, ssse3, sse4.1, sse4.2, popcnt, aes, clmul, erms, 3dnowpref, tsc, tscinvbit

Memory: 4k page, physical 2035168k(270156k free), swap 2783368k(4076k free)

vm_info: Java HotSpot(TM) Client VM (25.221-b11) for windows-x86 JRE (1.8.0_221-b11), built on Jul  4 2019 19:25:56 by "java_re" with MS VC++ 10.0 (VS2010)

time: Sun Sep 29 21:01:53 2019
timezone: Hora est. Pacífico, Sudamérica
elapsed time: 6 seconds (0d 0h 0m 6s)

